0 info it worked if it ends with ok
1 verbose cli [ '/usr/local/bin/node', '/usr/local/bin/npm', 'start' ]
2 info using npm@3.10.10
3 info using node@v4.4.7
4 verbose run-script [ 'prestart', 'start', 'poststart' ]
5 info lifecycle timestampmicroservice@0.0.0~prestart: timestampmicroservice@0.0.0
6 silly lifecycle timestampmicroservice@0.0.0~prestart: no script for prestart, continuing
7 info lifecycle timestampmicroservice@0.0.0~start: timestampmicroservice@0.0.0
8 verbose lifecycle timestampmicroservice@0.0.0~start: unsafe-perm in lifecycle true
9 verbose lifecycle timestampmicroservice@0.0.0~start: PATH: /usr/local/lib/node_modules/npm/bin/node-gyp-bin:/Users/nathanmonte/Documents/Nathan_code/Workshop/freeCodeCamp/RequestParserMicroservice/node_modules/.bin:/Users/nathanmonte/.rbenv/shims:/Users/nathanmonte/.rbenv/shims:/Users/nathanmonte/.rbenv/bin:/usr/local/sbin:/usr/local/sbin:/Users/nathanmonte/.rbenv/shims:/usr/local/bin:/usr/bin:/bin:/usr/sbin:/sbin:/opt/X11/bin
10 verbose lifecycle timestampmicroservice@0.0.0~start: CWD: /Users/nathanmonte/Documents/Nathan_code/Workshop/freeCodeCamp/RequestParserMicroservice
11 silly lifecycle timestampmicroservice@0.0.0~start: Args: [ '-c', 'node ./bin/www' ]
12 silly lifecycle timestampmicroservice@0.0.0~start: Returned: code: 1  signal: null
13 info lifecycle timestampmicroservice@0.0.0~start: Failed to exec start script
14 verbose stack Error: timestampmicroservice@0.0.0 start: `node ./bin/www`
14 verbose stack Exit status 1
14 verbose stack     at EventEmitter.<anonymous> (/usr/local/lib/node_modules/npm/lib/utils/lifecycle.js:255:16)
14 verbose stack     at emitTwo (events.js:87:13)
14 verbose stack     at EventEmitter.emit (events.js:172:7)
14 verbose stack     at ChildProcess.<anonymous> (/usr/local/lib/node_modules/npm/lib/utils/spawn.js:40:14)
14 verbose stack     at emitTwo (events.js:87:13)
14 verbose stack     at ChildProcess.emit (events.js:172:7)
14 verbose stack     at maybeClose (internal/child_process.js:827:16)
14 verbose stack     at Process.ChildProcess._handle.onexit (internal/child_process.js:211:5)
15 verbose pkgid timestampmicroservice@0.0.0
16 verbose cwd /Users/nathanmonte/Documents/Nathan_code/Workshop/freeCodeCamp/RequestParserMicroservice
17 error Darwin 15.6.0
18 error argv "/usr/local/bin/node" "/usr/local/bin/npm" "start"
19 error node v4.4.7
20 error npm  v3.10.10
21 error code ELIFECYCLE
22 error timestampmicroservice@0.0.0 start: `node ./bin/www`
22 error Exit status 1
23 error Failed at the timestampmicroservice@0.0.0 start script 'node ./bin/www'.
23 error Make sure you have the latest version of node.js and npm installed.
23 error If you do, this is most likely a problem with the timestampmicroservice package,
23 error not with npm itself.
23 error Tell the author that this fails on your system:
23 error     node ./bin/www
23 error You can get information on how to open an issue for this project with:
23 error     npm bugs timestampmicroservice
23 error Or if that isn't available, you can get their info via:
23 error     npm owner ls timestampmicroservice
23 error There is likely additional logging output above.
24 verbose exit [ 1, true ]
